{
  "timestamp": "2023-08-17 23:58:15.098853",
  "device_info": {
    "serial_number": "AEcAVDgwUAYgOTdX",
    "model": "800",
    "git_hash": "da83d0890b7ee42fc54affb4e6dc996308da1011",
    "git_dirty": false,
    "git_timestamp": 1668793110,
    "uuid": "07b79f99-b3a2-408d-a088-438a918672bf"
  },
  "calibration": {
    "invert": false,
    "phase_invert": true,
    "poles": 40,
    "offset": [
      1.929472716325049,
      2.1114712819329187,
      2.004805650749697,
      1.9049432068230683,
      2.0377147278384706,
      2.015139147322498,
      1.9122083440798683,
      2.0239108029984783,
      2.0297836301497414,
      1.9631907365564367,
      2.032978783874066,
      2.0541954117375383,
      2.016381811628761,
      1.975832674204621,
      2.0347191082312457,
      2.0391650648263835,
      2.030792686561617,
      2.0059161213908094,
      2.0840673140889305,
      2.116415911931826,
      1.9856173617219133,
      2.0765590159083556,
      2.164656836941783,
      2.076234763465199,
      2.1008780676536083,
      2.2246672233417923,
      2.1014864509918554,
      2.0901376636733158,
      2.2571538421966655,
      2.151274917705865,
      2.049712133883623,
      2.2061990469157187,
      2.163384895103141,
      2.006451295713523,
      2.100025054421212,
      2.0984544556028246,
      1.9540313288929252,
      2.0050011605621574,
      2.0417462990061206,
      1.9682856006525902,
      1.9610841678162954,
      1.9737107033102572,
      1.9273906824086824,
      1.9646343766958587,
      1.9370675444207912,
      1.904373289508436,
      1.975960124910546,
      1.9064392321450419,
      1.834160703399515,
      1.926167652344042,
      1.8986982964234902,
      1.7832581050559062,
      1.9137034383960743,
      1.9644929979933514,
      1.8253837541892155,
      1.9651171659228472,
      2.0467994182737193,
      1.8760215421109194,
      1.9941327064550116,
      2.0765552291236364,
      1.8980659349866167,
      1.9985614453397667,
      2.130350593007846,
      1.9474430997313774
    ]
  },
  "winding_resistance": 0.051622201801077544,
  "inductance": 2.085356174834093e-05,
  "pid_dq_kp": 0.013102679277953798,
  "pid_dq_ki": 32.435185988079,
  "torque_bw_hz": 100.0,
  "encoder_filter_bw_hz": 200.0,
  "encoder_filter_kp": 2513.2741228718346,
  "encoder_filter_ki": 1579136.7041742974,
  "v_per_hz": 0.38050088568746215,
  "kv": 78.84344328344497,
  "unwrapped_position_scale": 1.0
}
