{
  "timestamp": "2023-08-11 08:16:16.151053",
  "device_info": {
    "serial_number": "AD8ARUhOUA4gNDNW",
    "model": "800",
    "git_hash": "32ba4001c6979d14181584406cfee7c2357ac040",
    "git_dirty": false,
    "git_timestamp": 1674192627,
    "uuid": "00000000-0000-0000-0000-000000000000"
  },
  "calibration": {
    "invert": false,
    "phase_invert": true,
    "poles": 14,
    "offset": [
      1.6522099354819306,
      1.6532445166942218,
      1.6422657583643525,
      1.6215000439849192,
      1.6284595553150254,
      1.626651682542433,
      1.612220261589268,
      1.6229113210508146,
      1.6280550993973808,
      1.6236296323343806,
      1.6386113258848283,
      1.6445131017884311,
      1.6463459518264953,
      1.6595306665140865,
      1.6623837564212818,
      1.6560606996184528,
      1.6685417809187397,
      1.6727663337171703,
      1.6615412315125704,
      1.6682010902202613,
      1.6753592743423997,
      1.670900562451052,
      1.6786063966757112,
      1.684267572113764,
      1.6781239976385927,
      1.6872383270731488,
      1.693103100819559,
      1.6821640843365764,
      1.6887132530538003,
      1.6918227622911026,
      1.675104838992755,
      1.6738418862444548,
      1.6717333229354283,
      1.6527357870516548,
      1.641408532034073,
      1.6346767109138138,
      1.6199608150073284,
      1.6166621818052735,
      1.6188561877830854,
      1.612138859643466,
      1.6134376779878312,
      1.623822517931243,
      1.6185299769226877,
      1.6182396877261311,
      1.635918500428586,
      1.629931692363851,
      1.6271563967652758,
      1.6411500688005962,
      1.6404099341404326,
      1.6393454987167855,
      1.6509019238888698,
      1.6453370096443678,
      1.6446355856177666,
      1.6592551291024045,
      1.6525865332449394,
      1.6545029823720272,
      1.6706253803379099,
      1.671534335982545,
      1.6708902955332365,
      1.6861673883438213,
      1.6883236536070703,
      1.679071368333691,
      1.683278979268982,
      1.6710477460564408
    ]
  },
  "winding_resistance": 0.04105703296569651,
  "inductance": 2.669539762798191e-05,
  "pid_dq_kp": 0.016773213014545273,
  "pid_dq_ki": 25.796894628645223,
  "torque_bw_hz": 100.0,
  "encoder_filter_bw_hz": 200.0,
  "encoder_filter_kp": 2513.2741228718346,
  "encoder_filter_ki": 1579136.7041742974,
  "v_per_hz": 0.10655153410242847,
  "kv": 281.55390021096144,
  "unwrapped_position_scale": 1.0
}
